Flow report for InvestigacionArqui
Sat Oct 25 17:06:43 2025
Quartus Prime Version 18.1.0 Build 625 09/12/2018 SJ Lite Edition


---------------------
; Table of Contents ;
---------------------
  1. Legal Notice
  2. Flow Summary
  3. Flow Settings
  4. Flow Non-Default Global Settings
  5. Flow Elapsed Time
  6. Flow OS Summary
  7. Flow Log
  8. Flow Messages
  9. Flow Suppressed Messages



----------------
; Legal Notice ;
----------------
Copyright (C) 2018  Intel Corporation. All rights reserved.
Your use of Intel Corporation's design tools, logic functions 
and other software and tools, and its AMPP partner logic 
functions, and any output files from any of the foregoing 
(including device programming or simulation files), and any 
associated documentation or information are expressly subject 
to the terms and conditions of the Intel Program License 
Subscription Agreement, the Intel Quartus Prime License Agreement,
the Intel FPGA IP License Agreement, or other applicable license
agreement, including, without limitation, that your use is for
the sole purpose of programming logic devices manufactured by
Intel and sold by Intel or its authorized distributors.  Please
refer to the applicable agreement for further details.



+-------------------------------------------------------------------------------+
; Flow Summary                                                                  ;
+---------------------------------+---------------------------------------------+
; Flow Status                     ; Successful - Sat Oct 25 17:06:43 2025       ;
; Quartus Prime Version           ; 18.1.0 Build 625 09/12/2018 SJ Lite Edition ;
; Revision Name                   ; InvestigacionArqui                          ;
; Top-level Entity Name           ; CounterSelector                             ;
; Family                          ; Cyclone V                                   ;
; Device                          ; 5CSEMA5F31C6                                ;
; Timing Models                   ; Final                                       ;
; Logic utilization (in ALMs)     ; 808 / 32,070 ( 3 % )                        ;
; Total registers                 ; 347                                         ;
; Total pins                      ; 39 / 457 ( 9 % )                            ;
; Total virtual pins              ; 0                                           ;
; Total block memory bits         ; 0 / 4,065,280 ( 0 % )                       ;
; Total DSP Blocks                ; 0 / 87 ( 0 % )                              ;
; Total HSSI RX PCSs              ; 0                                           ;
; Total HSSI PMA RX Deserializers ; 0                                           ;
; Total HSSI TX PCSs              ; 0                                           ;
; Total HSSI PMA TX Serializers   ; 0                                           ;
; Total PLLs                      ; 0 / 6 ( 0 % )                               ;
; Total DLLs                      ; 0 / 4 ( 0 % )                               ;
+---------------------------------+---------------------------------------------+


+-----------------------------------------+
; Flow Settings                           ;
+-------------------+---------------------+
; Option            ; Setting             ;
+-------------------+---------------------+
; Start date & time ; 10/25/2025 17:04:57 ;
; Main task         ; Compilation         ;
; Revision Name     ; InvestigacionArqui  ;
+-------------------+---------------------+


+--------------------------------------------------------------------------------------------------------------------------------------------+
; Flow Non-Default Global Settings                                                                                                           ;
+--------------------------------------+----------------------------------------+--------------------+-----------------+---------------------+
; Assignment Name                      ; Value                                  ; Default Value      ; Entity Name     ; Section Id          ;
+--------------------------------------+----------------------------------------+--------------------+-----------------+---------------------+
; COMPILER_SIGNATURE_ID                ; 264086613580332.176143349707928        ; --                 ; --              ; --                  ;
; EDA_DESIGN_INSTANCE_NAME             ; NA                                     ; --                 ; --              ; TestAdder3BitToDeco ;
; EDA_NATIVELINK_SIMULATION_TEST_BENCH ; TestAdder3BitToDeco                    ; --                 ; --              ; eda_simulation      ;
; EDA_OUTPUT_DATA_FORMAT               ; Systemverilog Hdl                      ; --                 ; --              ; eda_simulation      ;
; EDA_SIMULATION_TOOL                  ; ModelSim-Altera (SystemVerilog)        ; <None>             ; --              ; --                  ;
; EDA_TEST_BENCH_ENABLE_STATUS         ; TEST_BENCH_MODE                        ; --                 ; --              ; eda_simulation      ;
; EDA_TEST_BENCH_FILE                  ; TestAdder3BitToDeco.sv                 ; --                 ; --              ; TestAdder3BitToDeco ;
; EDA_TEST_BENCH_MODULE_NAME           ; TestAdder3BitToDeco                    ; --                 ; --              ; TestAdder3BitToDeco ;
; EDA_TEST_BENCH_NAME                  ; TestAdder3BitToDeco                    ; --                 ; --              ; eda_simulation      ;
; EDA_TIME_SCALE                       ; 1 ps                                   ; --                 ; --              ; eda_simulation      ;
; MAX_CORE_JUNCTION_TEMP               ; 85                                     ; --                 ; --              ; --                  ;
; MIN_CORE_JUNCTION_TEMP               ; 0                                      ; --                 ; --              ; --                  ;
; PARTITION_COLOR                      ; -- (Not supported for targeted family) ; --                 ; CounterSelector ; Top                 ;
; PARTITION_FITTER_PRESERVATION_LEVEL  ; -- (Not supported for targeted family) ; --                 ; CounterSelector ; Top                 ;
; PARTITION_NETLIST_TYPE               ; -- (Not supported for targeted family) ; --                 ; CounterSelector ; Top                 ;
; POWER_BOARD_THERMAL_MODEL            ; None (CONSERVATIVE)                    ; --                 ; --              ; --                  ;
; POWER_PRESET_COOLING_SOLUTION        ; 23 MM HEAT SINK WITH 200 LFPM AIRFLOW  ; --                 ; --              ; --                  ;
; PROJECT_OUTPUT_DIRECTORY             ; output_files                           ; --                 ; --              ; --                  ;
; TOP_LEVEL_ENTITY                     ; CounterSelector                        ; InvestigacionArqui ; --              ; --                  ;
+--------------------------------------+----------------------------------------+--------------------+-----------------+---------------------+


+--------------------------------------------------------------------------------------------------------------------------+
; Flow Elapsed Time                                                                                                        ;
+----------------------+--------------+-------------------------+---------------------+------------------------------------+
; Module Name          ; Elapsed Time ; Average Processors Used ; Peak Virtual Memory ; Total CPU Time (on all processors) ;
+----------------------+--------------+-------------------------+---------------------+------------------------------------+
; Analysis & Synthesis ; 00:00:12     ; 1.0                     ; 4912 MB             ; 00:00:18                           ;
; Fitter               ; 00:01:14     ; 1.1                     ; 7407 MB             ; 00:05:13                           ;
; Assembler            ; 00:00:10     ; 1.0                     ; 4843 MB             ; 00:00:06                           ;
; Timing Analyzer      ; 00:00:06     ; 2.1                     ; 5255 MB             ; 00:00:09                           ;
; EDA Netlist Writer   ; 00:00:01     ; 1.0                     ; 4767 MB             ; 00:00:01                           ;
; Total                ; 00:01:43     ; --                      ; --                  ; 00:05:47                           ;
+----------------------+--------------+-------------------------+---------------------+------------------------------------+


+------------------------------------------------------------------------------------+
; Flow OS Summary                                                                    ;
+----------------------+------------------+------------+------------+----------------+
; Module Name          ; Machine Hostname ; OS Name    ; OS Version ; Processor type ;
+----------------------+------------------+------------+------------+----------------+
; Analysis & Synthesis ; 1111-PC          ; Windows 10 ; 10.0       ; x86_64         ;
; Fitter               ; 1111-PC          ; Windows 10 ; 10.0       ; x86_64         ;
; Assembler            ; 1111-PC          ; Windows 10 ; 10.0       ; x86_64         ;
; Timing Analyzer      ; 1111-PC          ; Windows 10 ; 10.0       ; x86_64         ;
; EDA Netlist Writer   ; 1111-PC          ; Windows 10 ; 10.0       ; x86_64         ;
+----------------------+------------------+------------+------------+----------------+


------------
; Flow Log ;
------------
quartus_map --read_settings_files=on --write_settings_files=off InvestigacionArqui -c InvestigacionArqui
quartus_fit --read_settings_files=off --write_settings_files=off InvestigacionArqui -c InvestigacionArqui
quartus_asm --read_settings_files=off --write_settings_files=off InvestigacionArqui -c InvestigacionArqui
quartus_sta InvestigacionArqui -c InvestigacionArqui
quartus_eda --read_settings_files=off --write_settings_files=off InvestigacionArqui -c InvestigacionArqui



